<?xml version="1.0" encoding="UTF-8"?>
<!-- Generated by org.testng.reporters.JUnitReportReporter -->
<testsuite hostname="Geetha" failures="0" tests="1" name="tests.LoginTest" time="9.675" errors="0" timestamp="2023-07-25T18:40:37 IST" skipped="0">
  <testcase classname="tests.LoginTest" name="login" time="9.675"/>
</testsuite> <!-- tests.LoginTest -->
