<?xml version="1.0" encoding="UTF-8"?>
<!-- Generated by org.testng.reporters.JUnitReportReporter -->
<testsuite hostname="Geetha" failures="0" tests="1" name="tests.TwoTest" time="7.496" errors="0" timestamp="2023-07-25T18:40:37 IST" skipped="0">
  <testcase classname="tests.TwoTest" name="testTwo" time="7.496"/>
</testsuite> <!-- tests.TwoTest -->
